2021-05-19 08:57:32.991  INFO 12060 --- [main] lavalink.server.Launcher                 : 

[32m       .  [31m _                  _ _       _    [32m__ _ _
[32m      /\\ [31m| | __ ___   ____ _| (_)_ __ | | __[32m\ \ \ \
[32m     ( ( )[31m| |/ _` \ \ / / _` | | | '_ \| |/ /[32m \ \ \ \
[32m      \\/ [31m| | (_| |\ V / (_| | | | | | |   < [32m  ) ) ) )
[32m       '  [31m|_|\__,_| \_/ \__,_|_|_|_| |_|_|\_\[32m / / / /
[0m    =========================================[32m/_/_/_/[0m

	Version:        3.3.2.3
	Build:          1212
	Build time:     02.04.2021 17:37:35 UTC
	Branch          YouTubeBrokeStuffAgain
	Commit:         7f9925c
	Commit time:    17.02.2021 23:18:16 UTC
	JVM:            16.0.1
	Lavaplayer      1.3.75

2021-05-19 08:57:33.547  INFO 12060 --- [main] lavalink.server.Launcher                 : Starting Launcher on Aoztanir-Misfit with PID 12060 (/Users/aoztanir/Desktop/astro/Lavalink.jar started by aoztanir in /Users/aoztanir/Desktop/astro)
2021-05-19 08:57:33.550  INFO 12060 --- [main] lavalink.server.Launcher                 : No active profile set, falling back to default profiles: default
2021-05-19 08:57:33.834  WARN 12060 --- [background-preinit] o.s.h.c.j.Jackson2ObjectMapperBuilder    : For Jackson Kotlin classes support please add "com.fasterxml.jackson.module:jackson-module-kotlin" to the classpath
2021-05-19 08:57:37.396  WARN 12060 --- [main] io.undertow.websockets.jsr               : UT026010: Buffer pool was not set on WebSocketDeploymentInfo, the default pool will be used
2021-05-19 08:57:37.467  INFO 12060 --- [main] io.undertow.servlet                      : Initializing Spring embedded WebApplicationContext
2021-05-19 08:57:37.468  INFO 12060 --- [main] o.s.web.context.ContextLoader            : Root WebApplicationContext: initialization completed in 3701 ms
2021-05-19 08:57:38.564  WARN 12060 --- [main] l.server.config.SentryConfiguration      : Turning off sentry
2021-05-19 08:57:40.408  INFO 12060 --- [main] c.s.d.l.tools.GarbageCollectionMonitor   : GC monitoring enabled, reporting results every 2 minutes.
2021-05-19 08:57:41.139  INFO 12060 --- [main] lavalink.server.config.KoeConfiguration  : OS: Mac OS X, Arch: x86_64
2021-05-19 08:57:41.140  WARN 12060 --- [main] lavalink.server.config.KoeConfiguration  : This system and architecture appears to not support native audio sending! GC pauses may cause your bot to stutter during playback.
2021-05-19 08:57:41.939  INFO 12060 --- [main] o.s.s.concurrent.ThreadPoolTaskExecutor  : Initializing ExecutorService 'applicationTaskExecutor'
2021-05-19 08:57:43.165  INFO 12060 --- [main] org.xnio                                 : XNIO version 3.3.8.Final
2021-05-19 08:57:43.183  INFO 12060 --- [main] org.xnio.nio                             : XNIO NIO Implementation Version 3.3.8.Final
2021-05-19 08:57:43.529  INFO 12060 --- [main] o.s.b.w.e.u.UndertowServletWebServer     : Undertow started on port(s) 2333 (http) with context path ''
2021-05-19 08:57:43.549  INFO 12060 --- [main] lavalink.server.Launcher                 : Started Launcher in 12.617 seconds (JVM running for 14.379)
2021-05-19 08:57:43.560  INFO 12060 --- [main] lavalink.server.Launcher                 : You can safely ignore the big red warning about illegal reflection. See https://github.com/Frederikam/Lavalink/issues/295
2021-05-19 08:57:48.677  INFO 12060 --- [XNIO-1 task-1] io.undertow.servlet                      : Initializing Spring DispatcherServlet 'dispatcherServlet'
2021-05-19 08:57:48.678  INFO 12060 --- [XNIO-1 task-1] o.s.web.servlet.DispatcherServlet        : Initializing Servlet 'dispatcherServlet'
2021-05-19 08:57:48.688  INFO 12060 --- [XNIO-1 task-1] o.s.web.servlet.DispatcherServlet        : Completed initialization in 10 ms
2021-05-19 08:57:48.730  INFO 12060 --- [XNIO-1 task-1] l.server.io.HandshakeInterceptorImpl     : Incoming connection from /127.0.0.1:57281
2021-05-19 08:57:48.848  INFO 12060 --- [XNIO-1 task-1] lavalink.server.io.SocketServer          : Connection successfully established from /127.0.0.1:57281
2021-05-19 08:59:01.455  INFO 12060 --- [Thread-1] o.s.s.concurrent.ThreadPoolTaskExecutor  : Shutting down ExecutorService 'applicationTaskExecutor'
2021-05-19 08:59:01.458  INFO 12060 --- [Thread-1] c.s.d.l.tools.GarbageCollectionMonitor   : GC monitoring disabled.
2021-05-19 08:59:01.465  INFO 12060 --- [Thread-1] io.undertow.servlet                      : Destroying Spring FrameworkServlet 'dispatcherServlet'
2021-05-19 08:59:01.479 ERROR 12060 --- [XNIO-1 I/O-1] org.xnio.listener                        : XNIO001007: A channel event listener threw an exception

java.util.concurrent.RejectedExecutionException: XNIO007007: Thread is terminating
	at org.xnio.nio.WorkerThread.execute(WorkerThread.java:590) ~[xnio-nio-3.3.8.Final.jar!/:3.3.8.Final]
	at io.undertow.websockets.jsr.UndertowSession$3.handleEvent(UndertowSession.java:396) ~[undertow-websockets-jsr-2.0.26.Final.jar!/:2.0.26.Final]
	at io.undertow.websockets.jsr.UndertowSession$3.handleEvent(UndertowSession.java:388) ~[undertow-websockets-jsr-2.0.26.Final.jar!/:2.0.26.Final]
	at org.xnio.ChannelListeners.invokeChannelListener(ChannelListeners.java:92) ~[xnio-api-3.3.8.Final.jar!/:3.3.8.Final]
	at io.undertow.server.protocol.framed.AbstractFramedChannel$FrameCloseListener.handleEvent(AbstractFramedChannel.java:1063) ~[undertow-core-2.0.26.Final.jar!/:2.0.26.Final]
	at io.undertow.server.protocol.framed.AbstractFramedChannel$FrameCloseListener.handleEvent(AbstractFramedChannel.java:978) ~[undertow-core-2.0.26.Final.jar!/:2.0.26.Final]
	at org.xnio.ChannelListeners.invokeChannelListener(ChannelListeners.java:92) ~[xnio-api-3.3.8.Final.jar!/:3.3.8.Final]
	at org.xnio.conduits.WriteReadyHandler$ChannelListenerHandler.terminated(WriteReadyHandler.java:70) ~[xnio-api-3.3.8.Final.jar!/:3.3.8.Final]
	at org.xnio.nio.NioSocketConduit.writeTerminated(NioSocketConduit.java:234) ~[xnio-nio-3.3.8.Final.jar!/:3.3.8.Final]
	at org.xnio.nio.NioSocketConduit.terminateWrites(NioSocketConduit.java:223) ~[xnio-nio-3.3.8.Final.jar!/:3.3.8.Final]
	at org.xnio.nio.NioSocketConduit.truncateWrites(NioSocketConduit.java:228) ~[xnio-nio-3.3.8.Final.jar!/:3.3.8.Final]
	at io.undertow.conduits.IdleTimeoutConduit.truncateWrites(IdleTimeoutConduit.java:387) ~[undertow-core-2.0.26.Final.jar!/:2.0.26.Final]
	at org.xnio.conduits.ConduitStreamSinkChannel.close(ConduitStreamSinkChannel.java:186) ~[xnio-api-3.3.8.Final.jar!/:3.3.8.Final]
	at org.xnio.IoUtils.safeClose(IoUtils.java:134) ~[xnio-api-3.3.8.Final.jar!/:3.3.8.Final]
	at org.xnio.conduits.WriteReadyHandler$ChannelListenerHandler.forceTermination(WriteReadyHandler.java:57) ~[xnio-api-3.3.8.Final.jar!/:3.3.8.Final]
	at org.xnio.nio.NioSocketConduit.forceTermination(NioSocketConduit.java:107) ~[xnio-nio-3.3.8.Final.jar!/:3.3.8.Final]
	at org.xnio.nio.WorkerThread.run(WorkerThread.java:494) ~[xnio-nio-3.3.8.Final.jar!/:3.3.8.Final]

2021-05-19 08:59:26.642  INFO 12100 --- [main] lavalink.server.Launcher                 : 

[32m       .  [31m _                  _ _       _    [32m__ _ _
[32m      /\\ [31m| | __ ___   ____ _| (_)_ __ | | __[32m\ \ \ \
[32m     ( ( )[31m| |/ _` \ \ / / _` | | | '_ \| |/ /[32m \ \ \ \
[32m      \\/ [31m| | (_| |\ V / (_| | | | | | |   < [32m  ) ) ) )
[32m       '  [31m|_|\__,_| \_/ \__,_|_|_|_| |_|_|\_\[32m / / / /
[0m    =========================================[32m/_/_/_/[0m

	Version:        3.3.2.3
	Build:          1212
	Build time:     02.04.2021 17:37:35 UTC
	Branch          YouTubeBrokeStuffAgain
	Commit:         7f9925c
	Commit time:    17.02.2021 23:18:16 UTC
	JVM:            16.0.1
	Lavaplayer      1.3.75

2021-05-19 08:59:26.904  INFO 12100 --- [main] lavalink.server.Launcher                 : Starting Launcher on Aoztanir-Misfit with PID 12100 (/Users/aoztanir/Desktop/astro/Lavalink.jar started by aoztanir in /Users/aoztanir/Desktop/astro)
2021-05-19 08:59:26.906  INFO 12100 --- [main] lavalink.server.Launcher                 : No active profile set, falling back to default profiles: default
2021-05-19 08:59:27.137  WARN 12100 --- [background-preinit] o.s.h.c.j.Jackson2ObjectMapperBuilder    : For Jackson Kotlin classes support please add "com.fasterxml.jackson.module:jackson-module-kotlin" to the classpath
2021-05-19 08:59:29.107  WARN 12100 --- [main] io.undertow.websockets.jsr               : UT026010: Buffer pool was not set on WebSocketDeploymentInfo, the default pool will be used
2021-05-19 08:59:29.172  INFO 12100 --- [main] io.undertow.servlet                      : Initializing Spring embedded WebApplicationContext
2021-05-19 08:59:29.173  INFO 12100 --- [main] o.s.web.context.ContextLoader            : Root WebApplicationContext: initialization completed in 2146 ms
2021-05-19 08:59:30.039  WARN 12100 --- [main] l.server.config.SentryConfiguration      : Turning off sentry
2021-05-19 08:59:31.201  INFO 12100 --- [main] c.s.d.l.tools.GarbageCollectionMonitor   : GC monitoring enabled, reporting results every 2 minutes.
2021-05-19 08:59:31.595  INFO 12100 --- [main] lavalink.server.config.KoeConfiguration  : OS: Mac OS X, Arch: x86_64
2021-05-19 08:59:31.595  WARN 12100 --- [main] lavalink.server.config.KoeConfiguration  : This system and architecture appears to not support native audio sending! GC pauses may cause your bot to stutter during playback.
2021-05-19 08:59:31.939  INFO 12100 --- [main] o.s.s.concurrent.ThreadPoolTaskExecutor  : Initializing ExecutorService 'applicationTaskExecutor'
2021-05-19 08:59:32.316  INFO 12100 --- [main] org.xnio                                 : XNIO version 3.3.8.Final
2021-05-19 08:59:32.339  INFO 12100 --- [main] org.xnio.nio                             : XNIO NIO Implementation Version 3.3.8.Final
2021-05-19 08:59:32.430  INFO 12100 --- [main] o.s.b.w.e.u.UndertowServletWebServer     : Undertow started on port(s) 2333 (http) with context path ''
2021-05-19 08:59:32.436  INFO 12100 --- [main] lavalink.server.Launcher                 : Started Launcher in 8.215 seconds (JVM running for 9.205)
2021-05-19 08:59:32.439  INFO 12100 --- [main] lavalink.server.Launcher                 : You can safely ignore the big red warning about illegal reflection. See https://github.com/Frederikam/Lavalink/issues/295
2021-05-19 08:59:43.309  INFO 12100 --- [XNIO-1 task-1] io.undertow.servlet                      : Initializing Spring DispatcherServlet 'dispatcherServlet'
2021-05-19 08:59:43.311  INFO 12100 --- [XNIO-1 task-1] o.s.web.servlet.DispatcherServlet        : Initializing Servlet 'dispatcherServlet'
2021-05-19 08:59:43.334  INFO 12100 --- [XNIO-1 task-1] o.s.web.servlet.DispatcherServlet        : Completed initialization in 23 ms
2021-05-19 08:59:43.368  INFO 12100 --- [XNIO-1 task-1] l.server.io.HandshakeInterceptorImpl     : Incoming connection from /127.0.0.1:57357
2021-05-19 08:59:43.488  INFO 12100 --- [XNIO-1 task-1] lavalink.server.io.SocketServer          : Connection successfully established from /127.0.0.1:57357
2021-05-19 09:04:14.031  INFO 12100 --- [Thread-1] o.s.s.concurrent.ThreadPoolTaskExecutor  : Shutting down ExecutorService 'applicationTaskExecutor'
2021-05-19 09:04:14.037  INFO 12100 --- [Thread-1] c.s.d.l.tools.GarbageCollectionMonitor   : GC monitoring disabled.
2021-05-19 09:04:14.055  INFO 12100 --- [Thread-1] io.undertow.servlet                      : Destroying Spring FrameworkServlet 'dispatcherServlet'
2021-05-19 09:04:14.074 ERROR 12100 --- [XNIO-1 I/O-1] org.xnio.listener                        : XNIO001007: A channel event listener threw an exception

java.util.concurrent.RejectedExecutionException: XNIO007007: Thread is terminating
	at org.xnio.nio.WorkerThread.execute(WorkerThread.java:590) ~[xnio-nio-3.3.8.Final.jar!/:3.3.8.Final]
	at io.undertow.websockets.jsr.UndertowSession$3.handleEvent(UndertowSession.java:396) ~[undertow-websockets-jsr-2.0.26.Final.jar!/:2.0.26.Final]
	at io.undertow.websockets.jsr.UndertowSession$3.handleEvent(UndertowSession.java:388) ~[undertow-websockets-jsr-2.0.26.Final.jar!/:2.0.26.Final]
	at org.xnio.ChannelListeners.invokeChannelListener(ChannelListeners.java:92) ~[xnio-api-3.3.8.Final.jar!/:3.3.8.Final]
	at io.undertow.server.protocol.framed.AbstractFramedChannel$FrameCloseListener.handleEvent(AbstractFramedChannel.java:1063) ~[undertow-core-2.0.26.Final.jar!/:2.0.26.Final]
	at io.undertow.server.protocol.framed.AbstractFramedChannel$FrameCloseListener.handleEvent(AbstractFramedChannel.java:978) ~[undertow-core-2.0.26.Final.jar!/:2.0.26.Final]
	at org.xnio.ChannelListeners.invokeChannelListener(ChannelListeners.java:92) ~[xnio-api-3.3.8.Final.jar!/:3.3.8.Final]
	at org.xnio.conduits.WriteReadyHandler$ChannelListenerHandler.terminated(WriteReadyHandler.java:70) ~[xnio-api-3.3.8.Final.jar!/:3.3.8.Final]
	at org.xnio.nio.NioSocketConduit.writeTerminated(NioSocketConduit.java:234) ~[xnio-nio-3.3.8.Final.jar!/:3.3.8.Final]
	at org.xnio.nio.NioSocketConduit.terminateWrites(NioSocketConduit.java:223) ~[xnio-nio-3.3.8.Final.jar!/:3.3.8.Final]
	at org.xnio.nio.NioSocketConduit.truncateWrites(NioSocketConduit.java:228) ~[xnio-nio-3.3.8.Final.jar!/:3.3.8.Final]
	at io.undertow.conduits.IdleTimeoutConduit.truncateWrites(IdleTimeoutConduit.java:387) ~[undertow-core-2.0.26.Final.jar!/:2.0.26.Final]
	at org.xnio.conduits.ConduitStreamSinkChannel.close(ConduitStreamSinkChannel.java:186) ~[xnio-api-3.3.8.Final.jar!/:3.3.8.Final]
	at org.xnio.IoUtils.safeClose(IoUtils.java:134) ~[xnio-api-3.3.8.Final.jar!/:3.3.8.Final]
	at org.xnio.conduits.WriteReadyHandler$ChannelListenerHandler.forceTermination(WriteReadyHandler.java:57) ~[xnio-api-3.3.8.Final.jar!/:3.3.8.Final]
	at org.xnio.nio.NioSocketConduit.forceTermination(NioSocketConduit.java:107) ~[xnio-nio-3.3.8.Final.jar!/:3.3.8.Final]
	at org.xnio.nio.WorkerThread.run(WorkerThread.java:494) ~[xnio-nio-3.3.8.Final.jar!/:3.3.8.Final]

2021-05-19 09:04:39.108  INFO 12167 --- [main] lavalink.server.Launcher                 : 

[32m       .  [31m _                  _ _       _    [32m__ _ _
[32m      /\\ [31m| | __ ___   ____ _| (_)_ __ | | __[32m\ \ \ \
[32m     ( ( )[31m| |/ _` \ \ / / _` | | | '_ \| |/ /[32m \ \ \ \
[32m      \\/ [31m| | (_| |\ V / (_| | | | | | |   < [32m  ) ) ) )
[32m       '  [31m|_|\__,_| \_/ \__,_|_|_|_| |_|_|\_\[32m / / / /
[0m    =========================================[32m/_/_/_/[0m

	Version:        3.3.2.3
	Build:          1212
	Build time:     02.04.2021 17:37:35 UTC
	Branch          YouTubeBrokeStuffAgain
	Commit:         7f9925c
	Commit time:    17.02.2021 23:18:16 UTC
	JVM:            16.0.1
	Lavaplayer      1.3.75

2021-05-19 09:04:39.307  INFO 12167 --- [main] lavalink.server.Launcher                 : Starting Launcher on Aoztanir-Misfit with PID 12167 (/Users/aoztanir/Desktop/astro/Lavalink.jar started by aoztanir in /Users/aoztanir/Desktop/astro)
2021-05-19 09:04:39.308  INFO 12167 --- [main] lavalink.server.Launcher                 : No active profile set, falling back to default profiles: default
2021-05-19 09:04:39.572  WARN 12167 --- [background-preinit] o.s.h.c.j.Jackson2ObjectMapperBuilder    : For Jackson Kotlin classes support please add "com.fasterxml.jackson.module:jackson-module-kotlin" to the classpath
2021-05-19 09:04:41.237  WARN 12167 --- [main] io.undertow.websockets.jsr               : UT026010: Buffer pool was not set on WebSocketDeploymentInfo, the default pool will be used
2021-05-19 09:04:41.337  INFO 12167 --- [main] io.undertow.servlet                      : Initializing Spring embedded WebApplicationContext
2021-05-19 09:04:41.337  INFO 12167 --- [main] o.s.web.context.ContextLoader            : Root WebApplicationContext: initialization completed in 1892 ms
2021-05-19 09:04:42.102  WARN 12167 --- [main] l.server.config.SentryConfiguration      : Turning off sentry
2021-05-19 09:04:42.684  INFO 12167 --- [main] c.s.d.l.tools.GarbageCollectionMonitor   : GC monitoring enabled, reporting results every 2 minutes.
2021-05-19 09:04:43.316  INFO 12167 --- [main] lavalink.server.config.KoeConfiguration  : OS: Mac OS X, Arch: x86_64
2021-05-19 09:04:43.317  WARN 12167 --- [main] lavalink.server.config.KoeConfiguration  : This system and architecture appears to not support native audio sending! GC pauses may cause your bot to stutter during playback.
2021-05-19 09:04:44.259  INFO 12167 --- [main] o.s.s.concurrent.ThreadPoolTaskExecutor  : Initializing ExecutorService 'applicationTaskExecutor'
2021-05-19 09:04:45.068  INFO 12167 --- [main] org.xnio                                 : XNIO version 3.3.8.Final
2021-05-19 09:04:45.222  INFO 12167 --- [main] org.xnio.nio                             : XNIO NIO Implementation Version 3.3.8.Final
2021-05-19 09:04:45.380  INFO 12167 --- [main] o.s.b.w.e.u.UndertowServletWebServer     : Undertow started on port(s) 2333 (http) with context path ''
2021-05-19 09:04:45.391  INFO 12167 --- [main] lavalink.server.Launcher                 : Started Launcher in 7.542 seconds (JVM running for 8.413)
2021-05-19 09:04:45.396  INFO 12167 --- [main] lavalink.server.Launcher                 : You can safely ignore the big red warning about illegal reflection. See https://github.com/Frederikam/Lavalink/issues/295
2021-05-19 09:04:57.060  INFO 12167 --- [XNIO-1 task-1] io.undertow.servlet                      : Initializing Spring DispatcherServlet 'dispatcherServlet'
2021-05-19 09:04:57.061  INFO 12167 --- [XNIO-1 task-1] o.s.web.servlet.DispatcherServlet        : Initializing Servlet 'dispatcherServlet'
2021-05-19 09:04:57.094  INFO 12167 --- [XNIO-1 task-1] o.s.web.servlet.DispatcherServlet        : Completed initialization in 33 ms
2021-05-19 09:04:57.180  INFO 12167 --- [XNIO-1 task-1] l.server.io.HandshakeInterceptorImpl     : Incoming connection from /127.0.0.1:57467
2021-05-19 09:04:57.411  INFO 12167 --- [XNIO-1 task-1] lavalink.server.io.SocketServer          : Connection successfully established from /127.0.0.1:57467
2021-05-19 09:20:22.268  INFO 12167 --- [Thread-1] o.s.s.concurrent.ThreadPoolTaskExecutor  : Shutting down ExecutorService 'applicationTaskExecutor'
2021-05-19 09:20:22.278  INFO 12167 --- [Thread-1] c.s.d.l.tools.GarbageCollectionMonitor   : GC monitoring disabled.
2021-05-19 09:20:22.298  INFO 12167 --- [Thread-1] io.undertow.servlet                      : Destroying Spring FrameworkServlet 'dispatcherServlet'
2021-05-19 09:20:22.376 ERROR 12167 --- [XNIO-1 I/O-3] org.xnio.listener                        : XNIO001007: A channel event listener threw an exception

java.util.concurrent.RejectedExecutionException: XNIO007007: Thread is terminating
	at org.xnio.nio.WorkerThread.execute(WorkerThread.java:590) ~[xnio-nio-3.3.8.Final.jar!/:3.3.8.Final]
	at io.undertow.websockets.jsr.UndertowSession$3.handleEvent(UndertowSession.java:396) ~[undertow-websockets-jsr-2.0.26.Final.jar!/:2.0.26.Final]
	at io.undertow.websockets.jsr.UndertowSession$3.handleEvent(UndertowSession.java:388) ~[undertow-websockets-jsr-2.0.26.Final.jar!/:2.0.26.Final]
	at org.xnio.ChannelListeners.invokeChannelListener(ChannelListeners.java:92) ~[xnio-api-3.3.8.Final.jar!/:3.3.8.Final]
	at io.undertow.server.protocol.framed.AbstractFramedChannel$FrameCloseListener.handleEvent(AbstractFramedChannel.java:1063) ~[undertow-core-2.0.26.Final.jar!/:2.0.26.Final]
	at io.undertow.server.protocol.framed.AbstractFramedChannel$FrameCloseListener.handleEvent(AbstractFramedChannel.java:978) ~[undertow-core-2.0.26.Final.jar!/:2.0.26.Final]
	at org.xnio.ChannelListeners.invokeChannelListener(ChannelListeners.java:92) ~[xnio-api-3.3.8.Final.jar!/:3.3.8.Final]
	at org.xnio.conduits.WriteReadyHandler$ChannelListenerHandler.terminated(WriteReadyHandler.java:70) ~[xnio-api-3.3.8.Final.jar!/:3.3.8.Final]
	at org.xnio.nio.NioSocketConduit.writeTerminated(NioSocketConduit.java:234) ~[xnio-nio-3.3.8.Final.jar!/:3.3.8.Final]
	at org.xnio.nio.NioSocketConduit.terminateWrites(NioSocketConduit.java:223) ~[xnio-nio-3.3.8.Final.jar!/:3.3.8.Final]
	at org.xnio.nio.NioSocketConduit.truncateWrites(NioSocketConduit.java:228) ~[xnio-nio-3.3.8.Final.jar!/:3.3.8.Final]
	at io.undertow.conduits.IdleTimeoutConduit.truncateWrites(IdleTimeoutConduit.java:387) ~[undertow-core-2.0.26.Final.jar!/:2.0.26.Final]
	at org.xnio.conduits.ConduitStreamSinkChannel.close(ConduitStreamSinkChannel.java:186) ~[xnio-api-3.3.8.Final.jar!/:3.3.8.Final]
	at org.xnio.IoUtils.safeClose(IoUtils.java:134) ~[xnio-api-3.3.8.Final.jar!/:3.3.8.Final]
	at org.xnio.conduits.WriteReadyHandler$ChannelListenerHandler.forceTermination(WriteReadyHandler.java:57) ~[xnio-api-3.3.8.Final.jar!/:3.3.8.Final]
	at org.xnio.nio.NioSocketConduit.forceTermination(NioSocketConduit.java:107) ~[xnio-nio-3.3.8.Final.jar!/:3.3.8.Final]
	at org.xnio.nio.WorkerThread.run(WorkerThread.java:494) ~[xnio-nio-3.3.8.Final.jar!/:3.3.8.Final]

2021-05-19 09:21:32.918  INFO 12489 --- [main] lavalink.server.Launcher                 : 

[32m       .  [31m _                  _ _       _    [32m__ _ _
[32m      /\\ [31m| | __ ___   ____ _| (_)_ __ | | __[32m\ \ \ \
[32m     ( ( )[31m| |/ _` \ \ / / _` | | | '_ \| |/ /[32m \ \ \ \
[32m      \\/ [31m| | (_| |\ V / (_| | | | | | |   < [32m  ) ) ) )
[32m       '  [31m|_|\__,_| \_/ \__,_|_|_|_| |_|_|\_\[32m / / / /
[0m    =========================================[32m/_/_/_/[0m

	Version:        3.3.2.3
	Build:          1212
	Build time:     02.04.2021 17:37:35 UTC
	Branch          YouTubeBrokeStuffAgain
	Commit:         7f9925c
	Commit time:    17.02.2021 23:18:16 UTC
	JVM:            16.0.1
	Lavaplayer      1.3.75

2021-05-19 09:21:33.516  INFO 12489 --- [main] lavalink.server.Launcher                 : Starting Launcher on Aoztanir-Misfit with PID 12489 (/Users/aoztanir/Desktop/astro/Lavalink.jar started by aoztanir in /Users/aoztanir/Desktop/astro)
2021-05-19 09:21:33.518  INFO 12489 --- [main] lavalink.server.Launcher                 : No active profile set, falling back to default profiles: default
2021-05-19 09:21:33.745  WARN 12489 --- [background-preinit] o.s.h.c.j.Jackson2ObjectMapperBuilder    : For Jackson Kotlin classes support please add "com.fasterxml.jackson.module:jackson-module-kotlin" to the classpath
2021-05-19 09:21:37.785  WARN 12489 --- [main] io.undertow.websockets.jsr               : UT026010: Buffer pool was not set on WebSocketDeploymentInfo, the default pool will be used
2021-05-19 09:21:37.838  INFO 12489 --- [main] io.undertow.servlet                      : Initializing Spring embedded WebApplicationContext
2021-05-19 09:21:37.839  INFO 12489 --- [main] o.s.web.context.ContextLoader            : Root WebApplicationContext: initialization completed in 4126 ms
2021-05-19 09:21:40.062  WARN 12489 --- [main] l.server.config.SentryConfiguration      : Turning off sentry
2021-05-19 09:21:42.051  INFO 12489 --- [main] c.s.d.l.tools.GarbageCollectionMonitor   : GC monitoring enabled, reporting results every 2 minutes.
2021-05-19 09:21:43.042  INFO 12489 --- [main] lavalink.server.config.KoeConfiguration  : OS: Mac OS X, Arch: x86_64
2021-05-19 09:21:43.043  WARN 12489 --- [main] lavalink.server.config.KoeConfiguration  : This system and architecture appears to not support native audio sending! GC pauses may cause your bot to stutter during playback.
2021-05-19 09:21:44.265  INFO 12489 --- [main] o.s.s.concurrent.ThreadPoolTaskExecutor  : Initializing ExecutorService 'applicationTaskExecutor'
2021-05-19 09:21:45.755  INFO 12489 --- [main] org.xnio                                 : XNIO version 3.3.8.Final
2021-05-19 09:21:45.774  INFO 12489 --- [main] org.xnio.nio                             : XNIO NIO Implementation Version 3.3.8.Final
2021-05-19 09:21:46.037  INFO 12489 --- [main] o.s.b.w.e.u.UndertowServletWebServer     : Undertow started on port(s) 2333 (http) with context path ''
2021-05-19 09:21:46.042  INFO 12489 --- [main] lavalink.server.Launcher                 : Started Launcher in 14.88 seconds (JVM running for 16.856)
2021-05-19 09:21:46.046  INFO 12489 --- [main] lavalink.server.Launcher                 : You can safely ignore the big red warning about illegal reflection. See https://github.com/Frederikam/Lavalink/issues/295
2021-05-19 09:21:49.194  INFO 12489 --- [XNIO-1 task-1] io.undertow.servlet                      : Initializing Spring DispatcherServlet 'dispatcherServlet'
2021-05-19 09:21:49.194  INFO 12489 --- [XNIO-1 task-1] o.s.web.servlet.DispatcherServlet        : Initializing Servlet 'dispatcherServlet'
2021-05-19 09:21:49.209  INFO 12489 --- [XNIO-1 task-1] o.s.web.servlet.DispatcherServlet        : Completed initialization in 14 ms
2021-05-19 09:21:49.257  INFO 12489 --- [XNIO-1 task-1] l.server.io.HandshakeInterceptorImpl     : Incoming connection from /127.0.0.1:57628
2021-05-19 09:21:49.514  INFO 12489 --- [XNIO-1 task-1] lavalink.server.io.SocketServer          : Connection successfully established from /127.0.0.1:57628
2021-05-19 09:25:18.283  INFO 12489 --- [Thread-1] o.s.s.concurrent.ThreadPoolTaskExecutor  : Shutting down ExecutorService 'applicationTaskExecutor'
2021-05-19 09:25:18.286  INFO 12489 --- [Thread-1] c.s.d.l.tools.GarbageCollectionMonitor   : GC monitoring disabled.
2021-05-19 09:25:18.290  INFO 12489 --- [Thread-1] io.undertow.servlet                      : Destroying Spring FrameworkServlet 'dispatcherServlet'
2021-05-19 09:25:18.301 ERROR 12489 --- [XNIO-1 I/O-4] org.xnio.listener                        : XNIO001007: A channel event listener threw an exception

java.util.concurrent.RejectedExecutionException: XNIO007007: Thread is terminating
	at org.xnio.nio.WorkerThread.execute(WorkerThread.java:590) ~[xnio-nio-3.3.8.Final.jar!/:3.3.8.Final]
	at io.undertow.websockets.jsr.UndertowSession$3.handleEvent(UndertowSession.java:396) ~[undertow-websockets-jsr-2.0.26.Final.jar!/:2.0.26.Final]
	at io.undertow.websockets.jsr.UndertowSession$3.handleEvent(UndertowSession.java:388) ~[undertow-websockets-jsr-2.0.26.Final.jar!/:2.0.26.Final]
	at org.xnio.ChannelListeners.invokeChannelListener(ChannelListeners.java:92) ~[xnio-api-3.3.8.Final.jar!/:3.3.8.Final]
	at io.undertow.server.protocol.framed.AbstractFramedChannel$FrameCloseListener.handleEvent(AbstractFramedChannel.java:1063) ~[undertow-core-2.0.26.Final.jar!/:2.0.26.Final]
	at io.undertow.server.protocol.framed.AbstractFramedChannel$FrameCloseListener.handleEvent(AbstractFramedChannel.java:978) ~[undertow-core-2.0.26.Final.jar!/:2.0.26.Final]
	at org.xnio.ChannelListeners.invokeChannelListener(ChannelListeners.java:92) ~[xnio-api-3.3.8.Final.jar!/:3.3.8.Final]
	at org.xnio.conduits.WriteReadyHandler$ChannelListenerHandler.terminated(WriteReadyHandler.java:70) ~[xnio-api-3.3.8.Final.jar!/:3.3.8.Final]
	at org.xnio.nio.NioSocketConduit.writeTerminated(NioSocketConduit.java:234) ~[xnio-nio-3.3.8.Final.jar!/:3.3.8.Final]
	at org.xnio.nio.NioSocketConduit.terminateWrites(NioSocketConduit.java:223) ~[xnio-nio-3.3.8.Final.jar!/:3.3.8.Final]
	at org.xnio.nio.NioSocketConduit.truncateWrites(NioSocketConduit.java:228) ~[xnio-nio-3.3.8.Final.jar!/:3.3.8.Final]
	at io.undertow.conduits.IdleTimeoutConduit.truncateWrites(IdleTimeoutConduit.java:387) ~[undertow-core-2.0.26.Final.jar!/:2.0.26.Final]
	at org.xnio.conduits.ConduitStreamSinkChannel.close(ConduitStreamSinkChannel.java:186) ~[xnio-api-3.3.8.Final.jar!/:3.3.8.Final]
	at org.xnio.IoUtils.safeClose(IoUtils.java:134) ~[xnio-api-3.3.8.Final.jar!/:3.3.8.Final]
	at org.xnio.conduits.WriteReadyHandler$ChannelListenerHandler.forceTermination(WriteReadyHandler.java:57) ~[xnio-api-3.3.8.Final.jar!/:3.3.8.Final]
	at org.xnio.nio.NioSocketConduit.forceTermination(NioSocketConduit.java:107) ~[xnio-nio-3.3.8.Final.jar!/:3.3.8.Final]
	at org.xnio.nio.WorkerThread.run(WorkerThread.java:494) ~[xnio-nio-3.3.8.Final.jar!/:3.3.8.Final]

2021-05-19 09:26:00.488  INFO 12710 --- [main] lavalink.server.Launcher                 : 

[32m       .  [31m _                  _ _       _    [32m__ _ _
[32m      /\\ [31m| | __ ___   ____ _| (_)_ __ | | __[32m\ \ \ \
[32m     ( ( )[31m| |/ _` \ \ / / _` | | | '_ \| |/ /[32m \ \ \ \
[32m      \\/ [31m| | (_| |\ V / (_| | | | | | |   < [32m  ) ) ) )
[32m       '  [31m|_|\__,_| \_/ \__,_|_|_|_| |_|_|\_\[32m / / / /
[0m    =========================================[32m/_/_/_/[0m

	Version:        3.3.2.3
	Build:          1212
	Build time:     02.04.2021 17:37:35 UTC
	Branch          YouTubeBrokeStuffAgain
	Commit:         7f9925c
	Commit time:    17.02.2021 23:18:16 UTC
	JVM:            16.0.1
	Lavaplayer      1.3.75

2021-05-19 09:26:01.421  INFO 12710 --- [main] lavalink.server.Launcher                 : Starting Launcher on Aoztanir-Misfit with PID 12710 (/Users/aoztanir/Desktop/astro/Lavalink.jar started by aoztanir in /Users/aoztanir/Desktop/astro)
2021-05-19 09:26:01.424  INFO 12710 --- [main] lavalink.server.Launcher                 : No active profile set, falling back to default profiles: default
2021-05-19 09:26:02.230  WARN 12710 --- [background-preinit] o.s.h.c.j.Jackson2ObjectMapperBuilder    : For Jackson Kotlin classes support please add "com.fasterxml.jackson.module:jackson-module-kotlin" to the classpath
2021-05-19 09:26:08.327  WARN 12710 --- [main] io.undertow.websockets.jsr               : UT026010: Buffer pool was not set on WebSocketDeploymentInfo, the default pool will be used
2021-05-19 09:26:08.560  INFO 12710 --- [main] io.undertow.servlet                      : Initializing Spring embedded WebApplicationContext
2021-05-19 09:26:08.561  INFO 12710 --- [main] o.s.web.context.ContextLoader            : Root WebApplicationContext: initialization completed in 6596 ms
2021-05-19 09:26:11.174  WARN 12710 --- [main] l.server.config.SentryConfiguration      : Turning off sentry
2021-05-19 09:26:13.084  INFO 12710 --- [main] c.s.d.l.tools.GarbageCollectionMonitor   : GC monitoring enabled, reporting results every 2 minutes.
2021-05-19 09:26:14.592  INFO 12710 --- [main] lavalink.server.config.KoeConfiguration  : OS: Mac OS X, Arch: x86_64
2021-05-19 09:26:14.595  WARN 12710 --- [main] lavalink.server.config.KoeConfiguration  : This system and architecture appears to not support native audio sending! GC pauses may cause your bot to stutter during playback.
2021-05-19 09:26:16.171  INFO 12710 --- [main] o.s.s.concurrent.ThreadPoolTaskExecutor  : Initializing ExecutorService 'applicationTaskExecutor'
2021-05-19 09:26:17.789  INFO 12710 --- [main] org.xnio                                 : XNIO version 3.3.8.Final
2021-05-19 09:26:17.807  INFO 12710 --- [main] org.xnio.nio                             : XNIO NIO Implementation Version 3.3.8.Final
2021-05-19 09:26:18.191  INFO 12710 --- [main] o.s.b.w.e.u.UndertowServletWebServer     : Undertow started on port(s) 2333 (http) with context path ''
2021-05-19 09:26:18.200  INFO 12710 --- [main] lavalink.server.Launcher                 : Started Launcher in 20.499 seconds (JVM running for 23.811)
2021-05-19 09:26:18.204  INFO 12710 --- [main] lavalink.server.Launcher                 : You can safely ignore the big red warning about illegal reflection. See https://github.com/Frederikam/Lavalink/issues/295
2021-05-19 09:28:03.457  INFO 12710 --- [Thread-1] o.s.s.concurrent.ThreadPoolTaskExecutor  : Shutting down ExecutorService 'applicationTaskExecutor'
2021-05-19 09:28:03.458  INFO 12710 --- [Thread-1] c.s.d.l.tools.GarbageCollectionMonitor   : GC monitoring disabled.
2021-05-19 09:28:45.053  INFO 12819 --- [main] lavalink.server.Launcher                 : 

[32m       .  [31m _                  _ _       _    [32m__ _ _
[32m      /\\ [31m| | __ ___   ____ _| (_)_ __ | | __[32m\ \ \ \
[32m     ( ( )[31m| |/ _` \ \ / / _` | | | '_ \| |/ /[32m \ \ \ \
[32m      \\/ [31m| | (_| |\ V / (_| | | | | | |   < [32m  ) ) ) )
[32m       '  [31m|_|\__,_| \_/ \__,_|_|_|_| |_|_|\_\[32m / / / /
[0m    =========================================[32m/_/_/_/[0m

	Version:        3.3.2.3
	Build:          1212
	Build time:     02.04.2021 17:37:35 UTC
	Branch          YouTubeBrokeStuffAgain
	Commit:         7f9925c
	Commit time:    17.02.2021 23:18:16 UTC
	JVM:            16.0.1
	Lavaplayer      1.3.75

2021-05-19 09:28:45.618  INFO 12819 --- [main] lavalink.server.Launcher                 : Starting Launcher on Aoztanir-Misfit with PID 12819 (/Users/aoztanir/Desktop/astro/Lavalink.jar started by aoztanir in /Users/aoztanir/Desktop/astro)
2021-05-19 09:28:45.620  INFO 12819 --- [main] lavalink.server.Launcher                 : No active profile set, falling back to default profiles: default
2021-05-19 09:28:46.229  WARN 12819 --- [background-preinit] o.s.h.c.j.Jackson2ObjectMapperBuilder    : For Jackson Kotlin classes support please add "com.fasterxml.jackson.module:jackson-module-kotlin" to the classpath
2021-05-19 09:28:51.221  WARN 12819 --- [main] io.undertow.websockets.jsr               : UT026010: Buffer pool was not set on WebSocketDeploymentInfo, the default pool will be used
2021-05-19 09:28:51.447  INFO 12819 --- [main] io.undertow.servlet                      : Initializing Spring embedded WebApplicationContext
2021-05-19 09:28:51.448  INFO 12819 --- [main] o.s.web.context.ContextLoader            : Root WebApplicationContext: initialization completed in 5513 ms
2021-05-19 09:28:53.191  WARN 12819 --- [main] l.server.config.SentryConfiguration      : Turning off sentry
2021-05-19 09:28:55.048  INFO 12819 --- [main] c.s.d.l.tools.GarbageCollectionMonitor   : GC monitoring enabled, reporting results every 2 minutes.
2021-05-19 09:28:55.932  INFO 12819 --- [main] lavalink.server.config.KoeConfiguration  : OS: Mac OS X, Arch: x86_64
2021-05-19 09:28:55.932  WARN 12819 --- [main] lavalink.server.config.KoeConfiguration  : This system and architecture appears to not support native audio sending! GC pauses may cause your bot to stutter during playback.
2021-05-19 09:28:56.996  INFO 12819 --- [main] o.s.s.concurrent.ThreadPoolTaskExecutor  : Initializing ExecutorService 'applicationTaskExecutor'
2021-05-19 09:28:58.035  INFO 12819 --- [main] org.xnio                                 : XNIO version 3.3.8.Final
2021-05-19 09:28:58.048  INFO 12819 --- [main] org.xnio.nio                             : XNIO NIO Implementation Version 3.3.8.Final
2021-05-19 09:28:58.126  INFO 12819 --- [main] o.s.b.w.e.u.UndertowServletWebServer     : Undertow started on port(s) 2333 (http) with context path ''
2021-05-19 09:28:58.131  INFO 12819 --- [main] lavalink.server.Launcher                 : Started Launcher in 15.84 seconds (JVM running for 18.213)
2021-05-19 09:28:58.259  INFO 12819 --- [main] lavalink.server.Launcher                 : You can safely ignore the big red warning about illegal reflection. See https://github.com/Frederikam/Lavalink/issues/295
2021-05-19 09:28:59.937  INFO 12819 --- [XNIO-1 task-1] io.undertow.servlet                      : Initializing Spring DispatcherServlet 'dispatcherServlet'
2021-05-19 09:28:59.938  INFO 12819 --- [XNIO-1 task-1] o.s.web.servlet.DispatcherServlet        : Initializing Servlet 'dispatcherServlet'
2021-05-19 09:28:59.948  INFO 12819 --- [XNIO-1 task-1] o.s.web.servlet.DispatcherServlet        : Completed initialization in 10 ms
2021-05-19 09:28:59.975  INFO 12819 --- [XNIO-1 task-1] l.server.io.HandshakeInterceptorImpl     : Incoming connection from /127.0.0.1:57737
2021-05-19 09:29:00.111  INFO 12819 --- [XNIO-1 task-1] lavalink.server.io.SocketServer          : Connection successfully established from /127.0.0.1:57737
2021-05-19 09:31:14.974  INFO 12819 --- [Thread-1] o.s.s.concurrent.ThreadPoolTaskExecutor  : Shutting down ExecutorService 'applicationTaskExecutor'
2021-05-19 09:31:14.983  INFO 12819 --- [Thread-1] c.s.d.l.tools.GarbageCollectionMonitor   : GC monitoring disabled.
2021-05-19 09:31:14.992  INFO 12819 --- [Thread-1] io.undertow.servlet                      : Destroying Spring FrameworkServlet 'dispatcherServlet'
2021-05-19 09:31:15.003 ERROR 12819 --- [XNIO-1 I/O-1] org.xnio.listener                        : XNIO001007: A channel event listener threw an exception

java.util.concurrent.RejectedExecutionException: XNIO007007: Thread is terminating
	at org.xnio.nio.WorkerThread.execute(WorkerThread.java:590) ~[xnio-nio-3.3.8.Final.jar!/:3.3.8.Final]
	at io.undertow.websockets.jsr.UndertowSession$3.handleEvent(UndertowSession.java:396) ~[undertow-websockets-jsr-2.0.26.Final.jar!/:2.0.26.Final]
	at io.undertow.websockets.jsr.UndertowSession$3.handleEvent(UndertowSession.java:388) ~[undertow-websockets-jsr-2.0.26.Final.jar!/:2.0.26.Final]
	at org.xnio.ChannelListeners.invokeChannelListener(ChannelListeners.java:92) ~[xnio-api-3.3.8.Final.jar!/:3.3.8.Final]
	at io.undertow.server.protocol.framed.AbstractFramedChannel$FrameCloseListener.handleEvent(AbstractFramedChannel.java:1063) ~[undertow-core-2.0.26.Final.jar!/:2.0.26.Final]
	at io.undertow.server.protocol.framed.AbstractFramedChannel$FrameCloseListener.handleEvent(AbstractFramedChannel.java:978) ~[undertow-core-2.0.26.Final.jar!/:2.0.26.Final]
	at org.xnio.ChannelListeners.invokeChannelListener(ChannelListeners.java:92) ~[xnio-api-3.3.8.Final.jar!/:3.3.8.Final]
	at org.xnio.conduits.WriteReadyHandler$ChannelListenerHandler.terminated(WriteReadyHandler.java:70) ~[xnio-api-3.3.8.Final.jar!/:3.3.8.Final]
	at org.xnio.nio.NioSocketConduit.writeTerminated(NioSocketConduit.java:234) ~[xnio-nio-3.3.8.Final.jar!/:3.3.8.Final]
	at org.xnio.nio.NioSocketConduit.terminateWrites(NioSocketConduit.java:223) ~[xnio-nio-3.3.8.Final.jar!/:3.3.8.Final]
	at org.xnio.nio.NioSocketConduit.truncateWrites(NioSocketConduit.java:228) ~[xnio-nio-3.3.8.Final.jar!/:3.3.8.Final]
	at io.undertow.conduits.IdleTimeoutConduit.truncateWrites(IdleTimeoutConduit.java:387) ~[undertow-core-2.0.26.Final.jar!/:2.0.26.Final]
	at org.xnio.conduits.ConduitStreamSinkChannel.close(ConduitStreamSinkChannel.java:186) ~[xnio-api-3.3.8.Final.jar!/:3.3.8.Final]
	at org.xnio.IoUtils.safeClose(IoUtils.java:134) ~[xnio-api-3.3.8.Final.jar!/:3.3.8.Final]
	at org.xnio.conduits.WriteReadyHandler$ChannelListenerHandler.forceTermination(WriteReadyHandler.java:57) ~[xnio-api-3.3.8.Final.jar!/:3.3.8.Final]
	at org.xnio.nio.NioSocketConduit.forceTermination(NioSocketConduit.java:107) ~[xnio-nio-3.3.8.Final.jar!/:3.3.8.Final]
	at org.xnio.nio.WorkerThread.run(WorkerThread.java:494) ~[xnio-nio-3.3.8.Final.jar!/:3.3.8.Final]

2021-05-19 09:35:04.873  INFO 12970 --- [main] lavalink.server.Launcher                 : 

[32m       .  [31m _                  _ _       _    [32m__ _ _
[32m      /\\ [31m| | __ ___   ____ _| (_)_ __ | | __[32m\ \ \ \
[32m     ( ( )[31m| |/ _` \ \ / / _` | | | '_ \| |/ /[32m \ \ \ \
[32m      \\/ [31m| | (_| |\ V / (_| | | | | | |   < [32m  ) ) ) )
[32m       '  [31m|_|\__,_| \_/ \__,_|_|_|_| |_|_|\_\[32m / / / /
[0m    =========================================[32m/_/_/_/[0m

	Version:        3.3.2.3
	Build:          1212
	Build time:     02.04.2021 17:37:35 UTC
	Branch          YouTubeBrokeStuffAgain
	Commit:         7f9925c
	Commit time:    17.02.2021 23:18:16 UTC
	JVM:            16.0.1
	Lavaplayer      1.3.75

2021-05-19 09:35:05.792  INFO 12970 --- [main] lavalink.server.Launcher                 : Starting Launcher on Aoztanir-Misfit with PID 12970 (/Users/aoztanir/Desktop/astro/Lavalink.jar started by aoztanir in /Users/aoztanir/Desktop/astro)
2021-05-19 09:35:05.794  INFO 12970 --- [main] lavalink.server.Launcher                 : No active profile set, falling back to default profiles: default
2021-05-19 09:35:07.162  WARN 12970 --- [background-preinit] o.s.h.c.j.Jackson2ObjectMapperBuilder    : For Jackson Kotlin classes support please add "com.fasterxml.jackson.module:jackson-module-kotlin" to the classpath
2021-05-19 09:35:13.841  WARN 12970 --- [main] io.undertow.websockets.jsr               : UT026010: Buffer pool was not set on WebSocketDeploymentInfo, the default pool will be used
2021-05-19 09:35:13.917  INFO 12970 --- [main] io.undertow.servlet                      : Initializing Spring embedded WebApplicationContext
2021-05-19 09:35:13.918  INFO 12970 --- [main] o.s.web.context.ContextLoader            : Root WebApplicationContext: initialization completed in 7319 ms
2021-05-19 09:35:15.959  WARN 12970 --- [main] l.server.config.SentryConfiguration      : Turning off sentry
2021-05-19 09:35:18.842  INFO 12970 --- [main] c.s.d.l.tools.GarbageCollectionMonitor   : GC monitoring enabled, reporting results every 2 minutes.
2021-05-19 09:35:20.110  INFO 12970 --- [main] lavalink.server.config.KoeConfiguration  : OS: Mac OS X, Arch: x86_64
2021-05-19 09:35:20.112  WARN 12970 --- [main] lavalink.server.config.KoeConfiguration  : This system and architecture appears to not support native audio sending! GC pauses may cause your bot to stutter during playback.
2021-05-19 09:35:21.431  INFO 12970 --- [main] o.s.s.concurrent.ThreadPoolTaskExecutor  : Initializing ExecutorService 'applicationTaskExecutor'
2021-05-19 09:35:22.677  INFO 12970 --- [main] org.xnio                                 : XNIO version 3.3.8.Final
2021-05-19 09:35:22.701  INFO 12970 --- [main] org.xnio.nio                             : XNIO NIO Implementation Version 3.3.8.Final
2021-05-19 09:35:22.947  INFO 12970 --- [main] o.s.b.w.e.u.UndertowServletWebServer     : Undertow started on port(s) 2333 (http) with context path ''
2021-05-19 09:35:22.954  INFO 12970 --- [main] lavalink.server.Launcher                 : Started Launcher in 21.452 seconds (JVM running for 23.921)
2021-05-19 09:35:22.959  INFO 12970 --- [main] lavalink.server.Launcher                 : You can safely ignore the big red warning about illegal reflection. See https://github.com/Frederikam/Lavalink/issues/295
2021-05-19 09:35:48.716  INFO 12970 --- [Thread-1] o.s.s.concurrent.ThreadPoolTaskExecutor  : Shutting down ExecutorService 'applicationTaskExecutor'
2021-05-19 09:35:48.721  INFO 12970 --- [Thread-1] c.s.d.l.tools.GarbageCollectionMonitor   : GC monitoring disabled.
2021-05-19 09:36:26.756  INFO 13011 --- [main] lavalink.server.Launcher                 : 

[32m       .  [31m _                  _ _       _    [32m__ _ _
[32m      /\\ [31m| | __ ___   ____ _| (_)_ __ | | __[32m\ \ \ \
[32m     ( ( )[31m| |/ _` \ \ / / _` | | | '_ \| |/ /[32m \ \ \ \
[32m      \\/ [31m| | (_| |\ V / (_| | | | | | |   < [32m  ) ) ) )
[32m       '  [31m|_|\__,_| \_/ \__,_|_|_|_| |_|_|\_\[32m / / / /
[0m    =========================================[32m/_/_/_/[0m

	Version:        3.3.2.3
	Build:          1212
	Build time:     02.04.2021 17:37:35 UTC
	Branch          YouTubeBrokeStuffAgain
	Commit:         7f9925c
	Commit time:    17.02.2021 23:18:16 UTC
	JVM:            16.0.1
	Lavaplayer      1.3.75

2021-05-19 09:36:27.267  INFO 13011 --- [main] lavalink.server.Launcher                 : Starting Launcher on Aoztanir-Misfit with PID 13011 (/Users/aoztanir/Desktop/astro/Lavalink.jar started by aoztanir in /Users/aoztanir/Desktop/astro)
2021-05-19 09:36:27.270  INFO 13011 --- [main] lavalink.server.Launcher                 : No active profile set, falling back to default profiles: default
2021-05-19 09:36:27.878  WARN 13011 --- [background-preinit] o.s.h.c.j.Jackson2ObjectMapperBuilder    : For Jackson Kotlin classes support please add "com.fasterxml.jackson.module:jackson-module-kotlin" to the classpath
2021-05-19 09:36:33.925  WARN 13011 --- [main] io.undertow.websockets.jsr               : UT026010: Buffer pool was not set on WebSocketDeploymentInfo, the default pool will be used
2021-05-19 09:36:34.141  INFO 13011 --- [main] io.undertow.servlet                      : Initializing Spring embedded WebApplicationContext
2021-05-19 09:36:34.141  INFO 13011 --- [main] o.s.web.context.ContextLoader            : Root WebApplicationContext: initialization completed in 6347 ms
2021-05-19 09:36:36.113  WARN 13011 --- [main] l.server.config.SentryConfiguration      : Turning off sentry
2021-05-19 09:36:37.491  INFO 13011 --- [main] c.s.d.l.tools.GarbageCollectionMonitor   : GC monitoring enabled, reporting results every 2 minutes.
2021-05-19 09:36:38.190  INFO 13011 --- [main] lavalink.server.config.KoeConfiguration  : OS: Mac OS X, Arch: x86_64
2021-05-19 09:36:38.192  WARN 13011 --- [main] lavalink.server.config.KoeConfiguration  : This system and architecture appears to not support native audio sending! GC pauses may cause your bot to stutter during playback.
2021-05-19 09:36:39.447  INFO 13011 --- [main] o.s.s.concurrent.ThreadPoolTaskExecutor  : Initializing ExecutorService 'applicationTaskExecutor'
2021-05-19 09:36:40.654  INFO 13011 --- [main] org.xnio                                 : XNIO version 3.3.8.Final
2021-05-19 09:36:40.670  INFO 13011 --- [main] org.xnio.nio                             : XNIO NIO Implementation Version 3.3.8.Final
2021-05-19 09:36:40.915  INFO 13011 --- [main] o.s.b.w.e.u.UndertowServletWebServer     : Undertow started on port(s) 2333 (http) with context path ''
2021-05-19 09:36:40.920  INFO 13011 --- [main] lavalink.server.Launcher                 : Started Launcher in 17.69 seconds (JVM running for 20.756)
2021-05-19 09:36:40.923  INFO 13011 --- [main] lavalink.server.Launcher                 : You can safely ignore the big red warning about illegal reflection. See https://github.com/Frederikam/Lavalink/issues/295
2021-05-19 09:39:00.411  INFO 13011 --- [Thread-1] o.s.s.concurrent.ThreadPoolTaskExecutor  : Shutting down ExecutorService 'applicationTaskExecutor'
2021-05-19 09:39:00.414  INFO 13011 --- [Thread-1] c.s.d.l.tools.GarbageCollectionMonitor   : GC monitoring disabled.
2021-05-19 09:39:37.629  INFO 13095 --- [main] lavalink.server.Launcher                 : 

[32m       .  [31m _                  _ _       _    [32m__ _ _
[32m      /\\ [31m| | __ ___   ____ _| (_)_ __ | | __[32m\ \ \ \
[32m     ( ( )[31m| |/ _` \ \ / / _` | | | '_ \| |/ /[32m \ \ \ \
[32m      \\/ [31m| | (_| |\ V / (_| | | | | | |   < [32m  ) ) ) )
[32m       '  [31m|_|\__,_| \_/ \__,_|_|_|_| |_|_|\_\[32m / / / /
[0m    =========================================[32m/_/_/_/[0m

	Version:        3.3.2.3
	Build:          1212
	Build time:     02.04.2021 17:37:35 UTC
	Branch          YouTubeBrokeStuffAgain
	Commit:         7f9925c
	Commit time:    17.02.2021 23:18:16 UTC
	JVM:            16.0.1
	Lavaplayer      1.3.75

2021-05-19 09:39:38.364  INFO 13095 --- [main] lavalink.server.Launcher                 : Starting Launcher on Aoztanir-Misfit with PID 13095 (/Users/aoztanir/Desktop/astro/Lavalink.jar started by aoztanir in /Users/aoztanir/Desktop/astro)
2021-05-19 09:39:38.370  INFO 13095 --- [main] lavalink.server.Launcher                 : No active profile set, falling back to default profiles: default
2021-05-19 09:39:38.624  WARN 13095 --- [background-preinit] o.s.h.c.j.Jackson2ObjectMapperBuilder    : For Jackson Kotlin classes support please add "com.fasterxml.jackson.module:jackson-module-kotlin" to the classpath
2021-05-19 09:39:44.846  WARN 13095 --- [main] io.undertow.websockets.jsr               : UT026010: Buffer pool was not set on WebSocketDeploymentInfo, the default pool will be used
2021-05-19 09:39:45.030  INFO 13095 --- [main] io.undertow.servlet                      : Initializing Spring embedded WebApplicationContext
2021-05-19 09:39:45.064  INFO 13095 --- [main] o.s.web.context.ContextLoader            : Root WebApplicationContext: initialization completed in 6336 ms
2021-05-19 09:39:47.256  WARN 13095 --- [main] l.server.config.SentryConfiguration      : Turning off sentry
2021-05-19 09:39:49.067  INFO 13095 --- [main] c.s.d.l.tools.GarbageCollectionMonitor   : GC monitoring enabled, reporting results every 2 minutes.
2021-05-19 09:39:50.009  INFO 13095 --- [main] lavalink.server.config.KoeConfiguration  : OS: Mac OS X, Arch: x86_64
2021-05-19 09:39:50.010  WARN 13095 --- [main] lavalink.server.config.KoeConfiguration  : This system and architecture appears to not support native audio sending! GC pauses may cause your bot to stutter during playback.
2021-05-19 09:39:51.946  INFO 13095 --- [main] o.s.s.concurrent.ThreadPoolTaskExecutor  : Initializing ExecutorService 'applicationTaskExecutor'
2021-05-19 09:39:53.755  INFO 13095 --- [main] org.xnio                                 : XNIO version 3.3.8.Final
2021-05-19 09:39:53.769  INFO 13095 --- [main] org.xnio.nio                             : XNIO NIO Implementation Version 3.3.8.Final
2021-05-19 09:39:54.047  INFO 13095 --- [main] o.s.b.w.e.u.UndertowServletWebServer     : Undertow started on port(s) 2333 (http) with context path ''
2021-05-19 09:39:54.192  INFO 13095 --- [main] lavalink.server.Launcher                 : Started Launcher in 20.445 seconds (JVM running for 24.149)
2021-05-19 09:39:54.196  INFO 13095 --- [main] lavalink.server.Launcher                 : You can safely ignore the big red warning about illegal reflection. See https://github.com/Frederikam/Lavalink/issues/295
2021-05-19 09:40:16.292  INFO 13095 --- [Thread-1] o.s.s.concurrent.ThreadPoolTaskExecutor  : Shutting down ExecutorService 'applicationTaskExecutor'
2021-05-19 09:40:16.298  INFO 13095 --- [Thread-1] c.s.d.l.tools.GarbageCollectionMonitor   : GC monitoring disabled.
2021-05-19 09:40:57.339  INFO 13143 --- [main] lavalink.server.Launcher                 : 

[32m       .  [31m _                  _ _       _    [32m__ _ _
[32m      /\\ [31m| | __ ___   ____ _| (_)_ __ | | __[32m\ \ \ \
[32m     ( ( )[31m| |/ _` \ \ / / _` | | | '_ \| |/ /[32m \ \ \ \
[32m      \\/ [31m| | (_| |\ V / (_| | | | | | |   < [32m  ) ) ) )
[32m       '  [31m|_|\__,_| \_/ \__,_|_|_|_| |_|_|\_\[32m / / / /
[0m    =========================================[32m/_/_/_/[0m

	Version:        3.3.2.3
	Build:          1212
	Build time:     02.04.2021 17:37:35 UTC
	Branch          YouTubeBrokeStuffAgain
	Commit:         7f9925c
	Commit time:    17.02.2021 23:18:16 UTC
	JVM:            16.0.1
	Lavaplayer      1.3.75

2021-05-19 09:40:58.576  INFO 13143 --- [main] lavalink.server.Launcher                 : Starting Launcher on Aoztanir-Misfit with PID 13143 (/Users/aoztanir/Desktop/astro/Lavalink.jar started by aoztanir in /Users/aoztanir/Desktop/astro)
2021-05-19 09:40:58.579  INFO 13143 --- [main] lavalink.server.Launcher                 : No active profile set, falling back to default profiles: default
2021-05-19 09:40:59.404  WARN 13143 --- [background-preinit] o.s.h.c.j.Jackson2ObjectMapperBuilder    : For Jackson Kotlin classes support please add "com.fasterxml.jackson.module:jackson-module-kotlin" to the classpath
2021-05-19 09:41:07.386  WARN 13143 --- [main] io.undertow.websockets.jsr               : UT026010: Buffer pool was not set on WebSocketDeploymentInfo, the default pool will be used
2021-05-19 09:41:07.599  INFO 13143 --- [main] io.undertow.servlet                      : Initializing Spring embedded WebApplicationContext
2021-05-19 09:41:07.600  INFO 13143 --- [main] o.s.web.context.ContextLoader            : Root WebApplicationContext: initialization completed in 8776 ms
2021-05-19 09:41:10.531  WARN 13143 --- [main] l.server.config.SentryConfiguration      : Turning off sentry
2021-05-19 09:41:12.700  INFO 13143 --- [main] c.s.d.l.tools.GarbageCollectionMonitor   : GC monitoring enabled, reporting results every 2 minutes.
2021-05-19 09:41:13.888  INFO 13143 --- [main] lavalink.server.config.KoeConfiguration  : OS: Mac OS X, Arch: x86_64
2021-05-19 09:41:13.890  WARN 13143 --- [main] lavalink.server.config.KoeConfiguration  : This system and architecture appears to not support native audio sending! GC pauses may cause your bot to stutter during playback.
2021-05-19 09:41:15.460  INFO 13143 --- [main] o.s.s.concurrent.ThreadPoolTaskExecutor  : Initializing ExecutorService 'applicationTaskExecutor'
2021-05-19 09:41:16.738  INFO 13143 --- [main] org.xnio                                 : XNIO version 3.3.8.Final
2021-05-19 09:41:16.758  INFO 13143 --- [main] org.xnio.nio                             : XNIO NIO Implementation Version 3.3.8.Final
2021-05-19 09:41:17.017  INFO 13143 --- [main] o.s.b.w.e.u.UndertowServletWebServer     : Undertow started on port(s) 2333 (http) with context path ''
2021-05-19 09:41:17.022  INFO 13143 --- [main] lavalink.server.Launcher                 : Started Launcher in 22.344 seconds (JVM running for 26.448)
2021-05-19 09:41:17.027  INFO 13143 --- [main] lavalink.server.Launcher                 : You can safely ignore the big red warning about illegal reflection. See https://github.com/Frederikam/Lavalink/issues/295
2021-05-19 09:42:05.291  INFO 13143 --- [Thread-1] o.s.s.concurrent.ThreadPoolTaskExecutor  : Shutting down ExecutorService 'applicationTaskExecutor'
2021-05-19 09:42:05.294  INFO 13143 --- [Thread-1] c.s.d.l.tools.GarbageCollectionMonitor   : GC monitoring disabled.
2021-05-19 09:47:34.951  INFO 13248 --- [main] lavalink.server.Launcher                 : 

[32m       .  [31m _                  _ _       _    [32m__ _ _
[32m      /\\ [31m| | __ ___   ____ _| (_)_ __ | | __[32m\ \ \ \
[32m     ( ( )[31m| |/ _` \ \ / / _` | | | '_ \| |/ /[32m \ \ \ \
[32m      \\/ [31m| | (_| |\ V / (_| | | | | | |   < [32m  ) ) ) )
[32m       '  [31m|_|\__,_| \_/ \__,_|_|_|_| |_|_|\_\[32m / / / /
[0m    =========================================[32m/_/_/_/[0m

	Version:        3.3.2.3
	Build:          1212
	Build time:     02.04.2021 17:37:35 UTC
	Branch          YouTubeBrokeStuffAgain
	Commit:         7f9925c
	Commit time:    17.02.2021 23:18:16 UTC
	JVM:            16.0.1
	Lavaplayer      1.3.75

2021-05-19 09:47:35.629  INFO 13248 --- [main] lavalink.server.Launcher                 : Starting Launcher on Aoztanir-Misfit with PID 13248 (/Users/aoztanir/Desktop/astro/Lavalink.jar started by aoztanir in /Users/aoztanir/Desktop/astro)
2021-05-19 09:47:35.632  INFO 13248 --- [main] lavalink.server.Launcher                 : No active profile set, falling back to default profiles: default
2021-05-19 09:47:36.406  WARN 13248 --- [background-preinit] o.s.h.c.j.Jackson2ObjectMapperBuilder    : For Jackson Kotlin classes support please add "com.fasterxml.jackson.module:jackson-module-kotlin" to the classpath
2021-05-19 09:47:41.792  WARN 13248 --- [main] io.undertow.websockets.jsr               : UT026010: Buffer pool was not set on WebSocketDeploymentInfo, the default pool will be used
2021-05-19 09:47:42.004  INFO 13248 --- [main] io.undertow.servlet                      : Initializing Spring embedded WebApplicationContext
2021-05-19 09:47:42.006  INFO 13248 --- [main] o.s.web.context.ContextLoader            : Root WebApplicationContext: initialization completed in 5910 ms
2021-05-19 09:47:44.297  WARN 13248 --- [main] l.server.config.SentryConfiguration      : Turning off sentry
2021-05-19 09:47:45.759  INFO 13248 --- [main] c.s.d.l.tools.GarbageCollectionMonitor   : GC monitoring enabled, reporting results every 2 minutes.
2021-05-19 09:47:46.614  INFO 13248 --- [main] lavalink.server.config.KoeConfiguration  : OS: Mac OS X, Arch: x86_64
2021-05-19 09:47:46.614  WARN 13248 --- [main] lavalink.server.config.KoeConfiguration  : This system and architecture appears to not support native audio sending! GC pauses may cause your bot to stutter during playback.
2021-05-19 09:47:48.053  INFO 13248 --- [main] o.s.s.concurrent.ThreadPoolTaskExecutor  : Initializing ExecutorService 'applicationTaskExecutor'
2021-05-19 09:47:49.665  INFO 13248 --- [main] org.xnio                                 : XNIO version 3.3.8.Final
2021-05-19 09:47:49.688  INFO 13248 --- [main] org.xnio.nio                             : XNIO NIO Implementation Version 3.3.8.Final
2021-05-19 09:47:49.925  INFO 13248 --- [main] o.s.b.w.e.u.UndertowServletWebServer     : Undertow started on port(s) 2333 (http) with context path ''
2021-05-19 09:47:49.936  INFO 13248 --- [main] lavalink.server.Launcher                 : Started Launcher in 17.986 seconds (JVM running for 20.68)
2021-05-19 09:47:49.969  INFO 13248 --- [main] lavalink.server.Launcher                 : You can safely ignore the big red warning about illegal reflection. See https://github.com/Frederikam/Lavalink/issues/295
2021-05-19 09:47:50.646  INFO 13248 --- [Thread-1] o.s.s.concurrent.ThreadPoolTaskExecutor  : Shutting down ExecutorService 'applicationTaskExecutor'
2021-05-19 09:47:50.647  INFO 13248 --- [Thread-1] c.s.d.l.tools.GarbageCollectionMonitor   : GC monitoring disabled.
2021-05-19 09:48:23.854  INFO 13286 --- [main] lavalink.server.Launcher                 : 

[32m       .  [31m _                  _ _       _    [32m__ _ _
[32m      /\\ [31m| | __ ___   ____ _| (_)_ __ | | __[32m\ \ \ \
[32m     ( ( )[31m| |/ _` \ \ / / _` | | | '_ \| |/ /[32m \ \ \ \
[32m      \\/ [31m| | (_| |\ V / (_| | | | | | |   < [32m  ) ) ) )
[32m       '  [31m|_|\__,_| \_/ \__,_|_|_|_| |_|_|\_\[32m / / / /
[0m    =========================================[32m/_/_/_/[0m

	Version:        3.3.2.3
	Build:          1212
	Build time:     02.04.2021 17:37:35 UTC
	Branch          YouTubeBrokeStuffAgain
	Commit:         7f9925c
	Commit time:    17.02.2021 23:18:16 UTC
	JVM:            16.0.1
	Lavaplayer      1.3.75

2021-05-19 09:48:24.580  INFO 13286 --- [main] lavalink.server.Launcher                 : Starting Launcher on Aoztanir-Misfit with PID 13286 (/Users/aoztanir/Desktop/astro/Lavalink.jar started by aoztanir in /Users/aoztanir/Desktop/astro)
2021-05-19 09:48:24.587  INFO 13286 --- [main] lavalink.server.Launcher                 : No active profile set, falling back to default profiles: default
2021-05-19 09:48:25.336  WARN 13286 --- [background-preinit] o.s.h.c.j.Jackson2ObjectMapperBuilder    : For Jackson Kotlin classes support please add "com.fasterxml.jackson.module:jackson-module-kotlin" to the classpath
2021-05-19 09:48:29.862  WARN 13286 --- [main] io.undertow.websockets.jsr               : UT026010: Buffer pool was not set on WebSocketDeploymentInfo, the default pool will be used
2021-05-19 09:48:29.909  INFO 13286 --- [main] io.undertow.servlet                      : Initializing Spring embedded WebApplicationContext
2021-05-19 09:48:29.911  INFO 13286 --- [main] o.s.web.context.ContextLoader            : Root WebApplicationContext: initialization completed in 5017 ms
2021-05-19 09:48:31.648  WARN 13286 --- [main] l.server.config.SentryConfiguration      : Turning off sentry
2021-05-19 09:48:32.993  INFO 13286 --- [main] c.s.d.l.tools.GarbageCollectionMonitor   : GC monitoring enabled, reporting results every 2 minutes.
2021-05-19 09:48:33.698  INFO 13286 --- [main] lavalink.server.config.KoeConfiguration  : OS: Mac OS X, Arch: x86_64
2021-05-19 09:48:33.702  WARN 13286 --- [main] lavalink.server.config.KoeConfiguration  : This system and architecture appears to not support native audio sending! GC pauses may cause your bot to stutter during playback.
2021-05-19 09:48:34.695  INFO 13286 --- [main] o.s.s.concurrent.ThreadPoolTaskExecutor  : Initializing ExecutorService 'applicationTaskExecutor'
2021-05-19 09:48:35.715  INFO 13286 --- [main] org.xnio                                 : XNIO version 3.3.8.Final
2021-05-19 09:48:35.729  INFO 13286 --- [main] org.xnio.nio                             : XNIO NIO Implementation Version 3.3.8.Final
2021-05-19 09:48:35.966  INFO 13286 --- [main] o.s.b.w.e.u.UndertowServletWebServer     : Undertow started on port(s) 2333 (http) with context path ''
2021-05-19 09:48:35.971  INFO 13286 --- [main] lavalink.server.Launcher                 : Started Launcher in 14.718 seconds (JVM running for 17.012)
2021-05-19 09:48:35.975  INFO 13286 --- [main] lavalink.server.Launcher                 : You can safely ignore the big red warning about illegal reflection. See https://github.com/Frederikam/Lavalink/issues/295
2021-05-19 09:48:38.981  INFO 13286 --- [XNIO-1 task-1] io.undertow.servlet                      : Initializing Spring DispatcherServlet 'dispatcherServlet'
2021-05-19 09:48:38.981  INFO 13286 --- [XNIO-1 task-1] o.s.web.servlet.DispatcherServlet        : Initializing Servlet 'dispatcherServlet'
2021-05-19 09:48:38.993  INFO 13286 --- [XNIO-1 task-1] o.s.web.servlet.DispatcherServlet        : Completed initialization in 11 ms
2021-05-19 09:48:39.026  INFO 13286 --- [XNIO-1 task-1] l.server.io.HandshakeInterceptorImpl     : Incoming connection from /127.0.0.1:58021
2021-05-19 09:48:39.277  INFO 13286 --- [XNIO-1 task-1] lavalink.server.io.SocketServer          : Connection successfully established from /127.0.0.1:58021
2021-05-19 09:48:58.751  INFO 13286 --- [Thread-1] o.s.s.concurrent.ThreadPoolTaskExecutor  : Shutting down ExecutorService 'applicationTaskExecutor'
2021-05-19 09:48:58.753  INFO 13286 --- [Thread-1] c.s.d.l.tools.GarbageCollectionMonitor   : GC monitoring disabled.
2021-05-19 09:48:58.758  INFO 13286 --- [Thread-1] io.undertow.servlet                      : Destroying Spring FrameworkServlet 'dispatcherServlet'
2021-05-19 09:48:58.771 ERROR 13286 --- [XNIO-1 I/O-1] org.xnio.listener                        : XNIO001007: A channel event listener threw an exception

java.util.concurrent.RejectedExecutionException: XNIO007007: Thread is terminating
	at org.xnio.nio.WorkerThread.execute(WorkerThread.java:590) ~[xnio-nio-3.3.8.Final.jar!/:3.3.8.Final]
	at io.undertow.websockets.jsr.UndertowSession$3.handleEvent(UndertowSession.java:396) ~[undertow-websockets-jsr-2.0.26.Final.jar!/:2.0.26.Final]
	at io.undertow.websockets.jsr.UndertowSession$3.handleEvent(UndertowSession.java:388) ~[undertow-websockets-jsr-2.0.26.Final.jar!/:2.0.26.Final]
	at org.xnio.ChannelListeners.invokeChannelListener(ChannelListeners.java:92) ~[xnio-api-3.3.8.Final.jar!/:3.3.8.Final]
	at io.undertow.server.protocol.framed.AbstractFramedChannel$FrameCloseListener.handleEvent(AbstractFramedChannel.java:1063) ~[undertow-core-2.0.26.Final.jar!/:2.0.26.Final]
	at io.undertow.server.protocol.framed.AbstractFramedChannel$FrameCloseListener.handleEvent(AbstractFramedChannel.java:978) ~[undertow-core-2.0.26.Final.jar!/:2.0.26.Final]
	at org.xnio.ChannelListeners.invokeChannelListener(ChannelListeners.java:92) ~[xnio-api-3.3.8.Final.jar!/:3.3.8.Final]
	at org.xnio.conduits.WriteReadyHandler$ChannelListenerHandler.terminated(WriteReadyHandler.java:70) ~[xnio-api-3.3.8.Final.jar!/:3.3.8.Final]
	at org.xnio.nio.NioSocketConduit.writeTerminated(NioSocketConduit.java:234) ~[xnio-nio-3.3.8.Final.jar!/:3.3.8.Final]
	at org.xnio.nio.NioSocketConduit.terminateWrites(NioSocketConduit.java:223) ~[xnio-nio-3.3.8.Final.jar!/:3.3.8.Final]
	at org.xnio.nio.NioSocketConduit.truncateWrites(NioSocketConduit.java:228) ~[xnio-nio-3.3.8.Final.jar!/:3.3.8.Final]
	at io.undertow.conduits.IdleTimeoutConduit.truncateWrites(IdleTimeoutConduit.java:387) ~[undertow-core-2.0.26.Final.jar!/:2.0.26.Final]
	at org.xnio.conduits.ConduitStreamSinkChannel.close(ConduitStreamSinkChannel.java:186) ~[xnio-api-3.3.8.Final.jar!/:3.3.8.Final]
	at org.xnio.IoUtils.safeClose(IoUtils.java:134) ~[xnio-api-3.3.8.Final.jar!/:3.3.8.Final]
	at org.xnio.conduits.WriteReadyHandler$ChannelListenerHandler.forceTermination(WriteReadyHandler.java:57) ~[xnio-api-3.3.8.Final.jar!/:3.3.8.Final]
	at org.xnio.nio.NioSocketConduit.forceTermination(NioSocketConduit.java:107) ~[xnio-nio-3.3.8.Final.jar!/:3.3.8.Final]
	at org.xnio.nio.WorkerThread.run(WorkerThread.java:494) ~[xnio-nio-3.3.8.Final.jar!/:3.3.8.Final]

2021-05-19 09:52:31.967  INFO 13321 --- [main] lavalink.server.Launcher                 : 

[32m       .  [31m _                  _ _       _    [32m__ _ _
[32m      /\\ [31m| | __ ___   ____ _| (_)_ __ | | __[32m\ \ \ \
[32m     ( ( )[31m| |/ _` \ \ / / _` | | | '_ \| |/ /[32m \ \ \ \
[32m      \\/ [31m| | (_| |\ V / (_| | | | | | |   < [32m  ) ) ) )
[32m       '  [31m|_|\__,_| \_/ \__,_|_|_|_| |_|_|\_\[32m / / / /
[0m    =========================================[32m/_/_/_/[0m

	Version:        3.3.2.3
	Build:          1212
	Build time:     02.04.2021 17:37:35 UTC
	Branch          YouTubeBrokeStuffAgain
	Commit:         7f9925c
	Commit time:    17.02.2021 23:18:16 UTC
	JVM:            16.0.1
	Lavaplayer      1.3.75

2021-05-19 09:52:32.417  INFO 13321 --- [main] lavalink.server.Launcher                 : Starting Launcher on Aoztanir-Misfit with PID 13321 (/Users/aoztanir/Desktop/astro/Lavalink.jar started by aoztanir in /Users/aoztanir/Desktop/astro)
2021-05-19 09:52:32.419  INFO 13321 --- [main] lavalink.server.Launcher                 : No active profile set, falling back to default profiles: default
2021-05-19 09:52:32.784  WARN 13321 --- [background-preinit] o.s.h.c.j.Jackson2ObjectMapperBuilder    : For Jackson Kotlin classes support please add "com.fasterxml.jackson.module:jackson-module-kotlin" to the classpath
2021-05-19 09:52:38.035  WARN 13321 --- [main] io.undertow.websockets.jsr               : UT026010: Buffer pool was not set on WebSocketDeploymentInfo, the default pool will be used
2021-05-19 09:52:38.258  INFO 13321 --- [main] io.undertow.servlet                      : Initializing Spring embedded WebApplicationContext
2021-05-19 09:52:38.259  INFO 13321 --- [main] o.s.web.context.ContextLoader            : Root WebApplicationContext: initialization completed in 5545 ms
2021-05-19 09:52:39.835  WARN 13321 --- [main] l.server.config.SentryConfiguration      : Turning off sentry
2021-05-19 09:52:41.400  INFO 13321 --- [main] c.s.d.l.tools.GarbageCollectionMonitor   : GC monitoring enabled, reporting results every 2 minutes.
2021-05-19 09:52:42.292  INFO 13321 --- [main] lavalink.server.config.KoeConfiguration  : OS: Mac OS X, Arch: x86_64
2021-05-19 09:52:42.294  WARN 13321 --- [main] lavalink.server.config.KoeConfiguration  : This system and architecture appears to not support native audio sending! GC pauses may cause your bot to stutter during playback.
2021-05-19 09:52:43.267  INFO 13321 --- [main] o.s.s.concurrent.ThreadPoolTaskExecutor  : Initializing ExecutorService 'applicationTaskExecutor'
2021-05-19 09:52:44.317  INFO 13321 --- [main] org.xnio                                 : XNIO version 3.3.8.Final
2021-05-19 09:52:44.332  INFO 13321 --- [main] org.xnio.nio                             : XNIO NIO Implementation Version 3.3.8.Final
2021-05-19 09:52:44.630  INFO 13321 --- [main] o.s.b.w.e.u.UndertowServletWebServer     : Undertow started on port(s) 2333 (http) with context path ''
2021-05-19 09:52:44.635  INFO 13321 --- [main] lavalink.server.Launcher                 : Started Launcher in 14.928 seconds (JVM running for 16.579)
2021-05-19 09:52:44.638  INFO 13321 --- [main] lavalink.server.Launcher                 : You can safely ignore the big red warning about illegal reflection. See https://github.com/Frederikam/Lavalink/issues/295
2021-05-19 09:52:48.071  INFO 13321 --- [XNIO-1 task-1] io.undertow.servlet                      : Initializing Spring DispatcherServlet 'dispatcherServlet'
2021-05-19 09:52:48.071  INFO 13321 --- [XNIO-1 task-1] o.s.web.servlet.DispatcherServlet        : Initializing Servlet 'dispatcherServlet'
2021-05-19 09:52:48.084  INFO 13321 --- [XNIO-1 task-1] o.s.web.servlet.DispatcherServlet        : Completed initialization in 13 ms
2021-05-19 09:52:48.131  INFO 13321 --- [XNIO-1 task-1] l.server.io.HandshakeInterceptorImpl     : Incoming connection from /127.0.0.1:58070
2021-05-19 09:52:48.223  INFO 13321 --- [XNIO-1 task-1] lavalink.server.io.SocketServer          : Connection successfully established from /127.0.0.1:58070
2021-05-19 09:52:57.101  INFO 13321 --- [Thread-1] o.s.s.concurrent.ThreadPoolTaskExecutor  : Shutting down ExecutorService 'applicationTaskExecutor'
2021-05-19 09:52:57.103  INFO 13321 --- [Thread-1] c.s.d.l.tools.GarbageCollectionMonitor   : GC monitoring disabled.
2021-05-19 09:52:57.107  INFO 13321 --- [Thread-1] io.undertow.servlet                      : Destroying Spring FrameworkServlet 'dispatcherServlet'
2021-05-19 09:52:57.117 ERROR 13321 --- [XNIO-1 I/O-2] org.xnio.listener                        : XNIO001007: A channel event listener threw an exception

java.util.concurrent.RejectedExecutionException: XNIO007007: Thread is terminating
	at org.xnio.nio.WorkerThread.execute(WorkerThread.java:590) ~[xnio-nio-3.3.8.Final.jar!/:3.3.8.Final]
	at io.undertow.websockets.jsr.UndertowSession$3.handleEvent(UndertowSession.java:396) ~[undertow-websockets-jsr-2.0.26.Final.jar!/:2.0.26.Final]
	at io.undertow.websockets.jsr.UndertowSession$3.handleEvent(UndertowSession.java:388) ~[undertow-websockets-jsr-2.0.26.Final.jar!/:2.0.26.Final]
	at org.xnio.ChannelListeners.invokeChannelListener(ChannelListeners.java:92) ~[xnio-api-3.3.8.Final.jar!/:3.3.8.Final]
	at io.undertow.server.protocol.framed.AbstractFramedChannel$FrameCloseListener.handleEvent(AbstractFramedChannel.java:1063) ~[undertow-core-2.0.26.Final.jar!/:2.0.26.Final]
	at io.undertow.server.protocol.framed.AbstractFramedChannel$FrameCloseListener.handleEvent(AbstractFramedChannel.java:978) ~[undertow-core-2.0.26.Final.jar!/:2.0.26.Final]
	at org.xnio.ChannelListeners.invokeChannelListener(ChannelListeners.java:92) ~[xnio-api-3.3.8.Final.jar!/:3.3.8.Final]
	at org.xnio.conduits.WriteReadyHandler$ChannelListenerHandler.terminated(WriteReadyHandler.java:70) ~[xnio-api-3.3.8.Final.jar!/:3.3.8.Final]
	at org.xnio.nio.NioSocketConduit.writeTerminated(NioSocketConduit.java:234) ~[xnio-nio-3.3.8.Final.jar!/:3.3.8.Final]
	at org.xnio.nio.NioSocketConduit.terminateWrites(NioSocketConduit.java:223) ~[xnio-nio-3.3.8.Final.jar!/:3.3.8.Final]
	at org.xnio.nio.NioSocketConduit.truncateWrites(NioSocketConduit.java:228) ~[xnio-nio-3.3.8.Final.jar!/:3.3.8.Final]
	at io.undertow.conduits.IdleTimeoutConduit.truncateWrites(IdleTimeoutConduit.java:387) ~[undertow-core-2.0.26.Final.jar!/:2.0.26.Final]
	at org.xnio.conduits.ConduitStreamSinkChannel.close(ConduitStreamSinkChannel.java:186) ~[xnio-api-3.3.8.Final.jar!/:3.3.8.Final]
	at org.xnio.IoUtils.safeClose(IoUtils.java:134) ~[xnio-api-3.3.8.Final.jar!/:3.3.8.Final]
	at org.xnio.conduits.WriteReadyHandler$ChannelListenerHandler.forceTermination(WriteReadyHandler.java:57) ~[xnio-api-3.3.8.Final.jar!/:3.3.8.Final]
	at org.xnio.nio.NioSocketConduit.forceTermination(NioSocketConduit.java:107) ~[xnio-nio-3.3.8.Final.jar!/:3.3.8.Final]
	at org.xnio.nio.WorkerThread.run(WorkerThread.java:494) ~[xnio-nio-3.3.8.Final.jar!/:3.3.8.Final]

2021-05-19 09:53:31.355  INFO 13350 --- [main] lavalink.server.Launcher                 : 

[32m       .  [31m _                  _ _       _    [32m__ _ _
[32m      /\\ [31m| | __ ___   ____ _| (_)_ __ | | __[32m\ \ \ \
[32m     ( ( )[31m| |/ _` \ \ / / _` | | | '_ \| |/ /[32m \ \ \ \
[32m      \\/ [31m| | (_| |\ V / (_| | | | | | |   < [32m  ) ) ) )
[32m       '  [31m|_|\__,_| \_/ \__,_|_|_|_| |_|_|\_\[32m / / / /
[0m    =========================================[32m/_/_/_/[0m

	Version:        3.3.2.3
	Build:          1212
	Build time:     02.04.2021 17:37:35 UTC
	Branch          YouTubeBrokeStuffAgain
	Commit:         7f9925c
	Commit time:    17.02.2021 23:18:16 UTC
	JVM:            16.0.1
	Lavaplayer      1.3.75

2021-05-19 09:53:32.087  INFO 13350 --- [main] lavalink.server.Launcher                 : Starting Launcher on Aoztanir-Misfit with PID 13350 (/Users/aoztanir/Desktop/astro/Lavalink.jar started by aoztanir in /Users/aoztanir/Desktop/astro)
2021-05-19 09:53:32.090  INFO 13350 --- [main] lavalink.server.Launcher                 : No active profile set, falling back to default profiles: default
2021-05-19 09:53:32.680  WARN 13350 --- [background-preinit] o.s.h.c.j.Jackson2ObjectMapperBuilder    : For Jackson Kotlin classes support please add "com.fasterxml.jackson.module:jackson-module-kotlin" to the classpath
2021-05-19 09:53:37.378  WARN 13350 --- [main] io.undertow.websockets.jsr               : UT026010: Buffer pool was not set on WebSocketDeploymentInfo, the default pool will be used
2021-05-19 09:53:37.622  INFO 13350 --- [main] io.undertow.servlet                      : Initializing Spring embedded WebApplicationContext
2021-05-19 09:53:37.624  INFO 13350 --- [main] o.s.web.context.ContextLoader            : Root WebApplicationContext: initialization completed in 5199 ms
2021-05-19 09:53:40.320  WARN 13350 --- [main] l.server.config.SentryConfiguration      : Turning off sentry
2021-05-19 09:53:41.875  INFO 13350 --- [main] c.s.d.l.tools.GarbageCollectionMonitor   : GC monitoring enabled, reporting results every 2 minutes.
2021-05-19 09:53:42.642  INFO 13350 --- [main] lavalink.server.config.KoeConfiguration  : OS: Mac OS X, Arch: x86_64
2021-05-19 09:53:42.645  WARN 13350 --- [main] lavalink.server.config.KoeConfiguration  : This system and architecture appears to not support native audio sending! GC pauses may cause your bot to stutter during playback.
2021-05-19 09:53:43.965  INFO 13350 --- [main] o.s.s.concurrent.ThreadPoolTaskExecutor  : Initializing ExecutorService 'applicationTaskExecutor'
2021-05-19 09:53:45.090  INFO 13350 --- [main] org.xnio                                 : XNIO version 3.3.8.Final
2021-05-19 09:53:45.121  INFO 13350 --- [main] org.xnio.nio                             : XNIO NIO Implementation Version 3.3.8.Final
2021-05-19 09:53:45.431  INFO 13350 --- [main] o.s.b.w.e.u.UndertowServletWebServer     : Undertow started on port(s) 2333 (http) with context path ''
2021-05-19 09:53:45.478  INFO 13350 --- [main] lavalink.server.Launcher                 : Started Launcher in 16.829 seconds (JVM running for 20.023)
2021-05-19 09:53:45.484  INFO 13350 --- [main] lavalink.server.Launcher                 : You can safely ignore the big red warning about illegal reflection. See https://github.com/Frederikam/Lavalink/issues/295
2021-05-19 09:55:53.276  INFO 13350 --- [Thread-1] o.s.s.concurrent.ThreadPoolTaskExecutor  : Shutting down ExecutorService 'applicationTaskExecutor'
2021-05-19 09:55:53.279  INFO 13350 --- [Thread-1] c.s.d.l.tools.GarbageCollectionMonitor   : GC monitoring disabled.
2021-05-19 09:56:28.606  INFO 13500 --- [main] lavalink.server.Launcher                 : 

[32m       .  [31m _                  _ _       _    [32m__ _ _
[32m      /\\ [31m| | __ ___   ____ _| (_)_ __ | | __[32m\ \ \ \
[32m     ( ( )[31m| |/ _` \ \ / / _` | | | '_ \| |/ /[32m \ \ \ \
[32m      \\/ [31m| | (_| |\ V / (_| | | | | | |   < [32m  ) ) ) )
[32m       '  [31m|_|\__,_| \_/ \__,_|_|_|_| |_|_|\_\[32m / / / /
[0m    =========================================[32m/_/_/_/[0m

	Version:        3.3.2.3
	Build:          1212
	Build time:     02.04.2021 17:37:35 UTC
	Branch          YouTubeBrokeStuffAgain
	Commit:         7f9925c
	Commit time:    17.02.2021 23:18:16 UTC
	JVM:            16.0.1
	Lavaplayer      1.3.75

2021-05-19 09:56:28.958  INFO 13500 --- [main] lavalink.server.Launcher                 : Starting Launcher on Aoztanir-Misfit with PID 13500 (/Users/aoztanir/Desktop/astro/Lavalink.jar started by aoztanir in /Users/aoztanir/Desktop/astro)
2021-05-19 09:56:28.960  INFO 13500 --- [main] lavalink.server.Launcher                 : No active profile set, falling back to default profiles: default
2021-05-19 09:56:29.558  WARN 13500 --- [background-preinit] o.s.h.c.j.Jackson2ObjectMapperBuilder    : For Jackson Kotlin classes support please add "com.fasterxml.jackson.module:jackson-module-kotlin" to the classpath
2021-05-19 09:56:34.220  WARN 13500 --- [main] io.undertow.websockets.jsr               : UT026010: Buffer pool was not set on WebSocketDeploymentInfo, the default pool will be used
2021-05-19 09:56:34.348  INFO 13500 --- [main] io.undertow.servlet                      : Initializing Spring embedded WebApplicationContext
2021-05-19 09:56:34.349  INFO 13500 --- [main] o.s.web.context.ContextLoader            : Root WebApplicationContext: initialization completed in 5154 ms
2021-05-19 09:56:36.806  WARN 13500 --- [main] l.server.config.SentryConfiguration      : Turning off sentry
2021-05-19 09:56:38.572  INFO 13500 --- [main] c.s.d.l.tools.GarbageCollectionMonitor   : GC monitoring enabled, reporting results every 2 minutes.
2021-05-19 09:56:39.348  INFO 13500 --- [main] lavalink.server.config.KoeConfiguration  : OS: Mac OS X, Arch: x86_64
2021-05-19 09:56:39.349  WARN 13500 --- [main] lavalink.server.config.KoeConfiguration  : This system and architecture appears to not support native audio sending! GC pauses may cause your bot to stutter during playback.
2021-05-19 09:56:40.453  INFO 13500 --- [main] o.s.s.concurrent.ThreadPoolTaskExecutor  : Initializing ExecutorService 'applicationTaskExecutor'
2021-05-19 09:56:41.828  INFO 13500 --- [main] org.xnio                                 : XNIO version 3.3.8.Final
2021-05-19 09:56:41.842  INFO 13500 --- [main] org.xnio.nio                             : XNIO NIO Implementation Version 3.3.8.Final
2021-05-19 09:56:42.089  INFO 13500 --- [main] o.s.b.w.e.u.UndertowServletWebServer     : Undertow started on port(s) 2333 (http) with context path ''
2021-05-19 09:56:42.095  INFO 13500 --- [main] lavalink.server.Launcher                 : Started Launcher in 16.169 seconds (JVM running for 19.196)
2021-05-19 09:56:42.099  INFO 13500 --- [main] lavalink.server.Launcher                 : You can safely ignore the big red warning about illegal reflection. See https://github.com/Frederikam/Lavalink/issues/295
2021-05-19 09:56:42.917  INFO 13500 --- [XNIO-1 task-1] io.undertow.servlet                      : Initializing Spring DispatcherServlet 'dispatcherServlet'
2021-05-19 09:56:42.917  INFO 13500 --- [XNIO-1 task-1] o.s.web.servlet.DispatcherServlet        : Initializing Servlet 'dispatcherServlet'
2021-05-19 09:56:42.928  INFO 13500 --- [XNIO-1 task-1] o.s.web.servlet.DispatcherServlet        : Completed initialization in 10 ms
2021-05-19 09:56:42.962  INFO 13500 --- [XNIO-1 task-1] l.server.io.HandshakeInterceptorImpl     : Incoming connection from /127.0.0.1:58170
2021-05-19 09:56:43.183  INFO 13500 --- [XNIO-1 task-1] lavalink.server.io.SocketServer          : Connection successfully established from /127.0.0.1:58170
2021-05-19 09:59:29.180  INFO 13500 --- [Thread-1] o.s.s.concurrent.ThreadPoolTaskExecutor  : Shutting down ExecutorService 'applicationTaskExecutor'
2021-05-19 09:59:29.183  INFO 13500 --- [Thread-1] c.s.d.l.tools.GarbageCollectionMonitor   : GC monitoring disabled.
2021-05-19 09:59:29.188  INFO 13500 --- [Thread-1] io.undertow.servlet                      : Destroying Spring FrameworkServlet 'dispatcherServlet'
2021-05-19 09:59:29.199 ERROR 13500 --- [XNIO-1 I/O-2] org.xnio.listener                        : XNIO001007: A channel event listener threw an exception

java.util.concurrent.RejectedExecutionException: XNIO007007: Thread is terminating
	at org.xnio.nio.WorkerThread.execute(WorkerThread.java:590) ~[xnio-nio-3.3.8.Final.jar!/:3.3.8.Final]
	at io.undertow.websockets.jsr.UndertowSession$3.handleEvent(UndertowSession.java:396) ~[undertow-websockets-jsr-2.0.26.Final.jar!/:2.0.26.Final]
	at io.undertow.websockets.jsr.UndertowSession$3.handleEvent(UndertowSession.java:388) ~[undertow-websockets-jsr-2.0.26.Final.jar!/:2.0.26.Final]
	at org.xnio.ChannelListeners.invokeChannelListener(ChannelListeners.java:92) ~[xnio-api-3.3.8.Final.jar!/:3.3.8.Final]
	at io.undertow.server.protocol.framed.AbstractFramedChannel$FrameCloseListener.handleEvent(AbstractFramedChannel.java:1063) ~[undertow-core-2.0.26.Final.jar!/:2.0.26.Final]
	at io.undertow.server.protocol.framed.AbstractFramedChannel$FrameCloseListener.handleEvent(AbstractFramedChannel.java:978) ~[undertow-core-2.0.26.Final.jar!/:2.0.26.Final]
	at org.xnio.ChannelListeners.invokeChannelListener(ChannelListeners.java:92) ~[xnio-api-3.3.8.Final.jar!/:3.3.8.Final]
	at org.xnio.conduits.WriteReadyHandler$ChannelListenerHandler.terminated(WriteReadyHandler.java:70) ~[xnio-api-3.3.8.Final.jar!/:3.3.8.Final]
	at org.xnio.nio.NioSocketConduit.writeTerminated(NioSocketConduit.java:234) ~[xnio-nio-3.3.8.Final.jar!/:3.3.8.Final]
	at org.xnio.nio.NioSocketConduit.terminateWrites(NioSocketConduit.java:223) ~[xnio-nio-3.3.8.Final.jar!/:3.3.8.Final]
	at org.xnio.nio.NioSocketConduit.truncateWrites(NioSocketConduit.java:228) ~[xnio-nio-3.3.8.Final.jar!/:3.3.8.Final]
	at io.undertow.conduits.IdleTimeoutConduit.truncateWrites(IdleTimeoutConduit.java:387) ~[undertow-core-2.0.26.Final.jar!/:2.0.26.Final]
	at org.xnio.conduits.ConduitStreamSinkChannel.close(ConduitStreamSinkChannel.java:186) ~[xnio-api-3.3.8.Final.jar!/:3.3.8.Final]
	at org.xnio.IoUtils.safeClose(IoUtils.java:134) ~[xnio-api-3.3.8.Final.jar!/:3.3.8.Final]
	at org.xnio.conduits.WriteReadyHandler$ChannelListenerHandler.forceTermination(WriteReadyHandler.java:57) ~[xnio-api-3.3.8.Final.jar!/:3.3.8.Final]
	at org.xnio.nio.NioSocketConduit.forceTermination(NioSocketConduit.java:107) ~[xnio-nio-3.3.8.Final.jar!/:3.3.8.Final]
	at org.xnio.nio.WorkerThread.run(WorkerThread.java:494) ~[xnio-nio-3.3.8.Final.jar!/:3.3.8.Final]

